<?xml version="1.0" encoding="UTF-8"?>
<!-- Generated by org.testng.reporters.JUnitXMLReporter -->
<testsuite ignored="3" hostname="vamshi" failures="0" tests="7" name="groupstest" time="0.731" errors="0" timestamp="2024-05-29T12:15:27 IST">
  <testcase classname="Practice.Test1" name="closeBrowser" time="0.305"/>
  <testcase classname="Practice.Test1" name="login" time="0.005"/>
  <testcase classname="Practice.Test1" name="openBrowser" time="0.01"/>
  <testcase classname="Practice.Test1" name="testMethod" time="0.005"/>
  <testcase classname="Practice.Test2" name="logOut" time="0.006"/>
  <testcase classname="Practice.Test2" name="login" time="0.008"/>
  <testcase classname="Practice.Test2" name="openBrowser" time="0.005"/>
  <testcase classname="Practice.Test2" name="testMethod" time="0.0">
    <ignored/>
  </testcase> <!-- testMethod -->
  <testcase classname="Practice.Test2" name="closeBrowser" time="0.0">
    <ignored/>
  </testcase> <!-- closeBrowser -->
  <testcase classname="Practice.Test1" name="logOut" time="0.0">
    <ignored/>
  </testcase> <!-- logOut -->
</testsuite> <!-- groupstest -->
