<?xml version="1.0" encoding="UTF-8"?>
<!-- Generated by org.testng.reporters.JUnitXMLReporter -->
<testsuite ignored="0" hostname="vamshi" failures="0" tests="5" name="Test1" time="0.117" errors="0" timestamp="2024-05-22T21:25:16 IST">
  <testcase classname="Practice.Test2" name="openBrowser" time="0.031"/>
  <testcase classname="Practice.Test2" name="login" time="0.011"/>
  <testcase classname="Practice.Test2" name="testMethod" time="0.005"/>
  <testcase classname="Practice.Test2" name="logOut" time="0.004"/>
  <testcase classname="Practice.Test2" name="closeBrowser" time="0.004"/>
</testsuite> <!-- Test1 -->
