<?xml version="1.0" encoding="UTF-8"?>
<!-- Generated by org.testng.reporters.JUnitXMLReporter -->
<testsuite ignored="0" hostname="vamshi" failures="0" tests="5" name="Test" time="0.364" errors="0" timestamp="2024-05-17T22:19:22 IST">
  <testcase classname="Practice.Test1" name="closeBrowser" time="0.111"/>
  <testcase classname="Practice.Test1" name="openBrowser" time="0.006"/>
  <testcase classname="Practice.Test1" name="login" time="0.009"/>
  <testcase classname="Practice.Test1" name="testMethod" time="0.004"/>
  <testcase classname="Practice.Test1" name="logOut" time="0.006"/>
</testsuite> <!-- Test -->
