<?xml version="1.0" encoding="UTF-8"?>
<!-- Generated by org.testng.reporters.JUnitXMLReporter -->
<testsuite ignored="0" hostname="vamshi" failures="0" tests="5" name="Test0" time="0.477" errors="0" timestamp="2024-05-22T21:25:16 IST">
  <testcase classname="Practice.Test1" name="openBrowser" time="0.127"/>
  <testcase classname="Practice.Test1" name="login" time="0.015"/>
  <testcase classname="Practice.Test1" name="testMethod" time="0.012"/>
  <testcase classname="Practice.Test1" name="logOut" time="0.009"/>
  <testcase classname="Practice.Test1" name="closeBrowser" time="0.013"/>
</testsuite> <!-- Test0 -->
