<?xml version="1.0" encoding="UTF-8"?>
<testng-results ignored="3" total="10" passed="7" failed="0" skipped="0">
  <reporter-output>
  </reporter-output>
  <suite started-at="2024-05-29T12:15:26 IST" name="suite" finished-at="2024-05-29T12:15:27 IST" duration-ms="731">
    <groups>
      <group name="exploratory">
        <method signature="Test1.closeBrowser()[pri:0, instance:Practice.Test1@1869fbd2]" name="closeBrowser" class="Practice.Test1"/>
        <method signature="Test1.testMethod()[pri:0, instance:Practice.Test1@1869fbd2]" name="testMethod" class="Practice.Test1"/>
      </group> <!-- exploratory -->
      <group name="functional">
        <method signature="Test1.closeBrowser()[pri:0, instance:Practice.Test1@1869fbd2]" name="closeBrowser" class="Practice.Test1"/>
        <method signature="Test2.openBrowser()[pri:0, instance:Practice.Test2@1458ed9c]" name="openBrowser" class="Practice.Test2"/>
      </group> <!-- functional -->
      <group name="smoke">
        <method signature="Test1.closeBrowser()[pri:0, instance:Practice.Test1@1869fbd2]" name="closeBrowser" class="Practice.Test1"/>
        <method signature="Test1.login()[pri:0, instance:Practice.Test1@1869fbd2]" name="login" class="Practice.Test1"/>
        <method signature="Test1.openBrowser()[pri:0, instance:Practice.Test1@1869fbd2]" name="openBrowser" class="Practice.Test1"/>
        <method signature="Test1.testMethod()[pri:0, instance:Practice.Test1@1869fbd2]" name="testMethod" class="Practice.Test1"/>
        <method signature="Test2.logOut()[pri:0, instance:Practice.Test2@1458ed9c]" name="logOut" class="Practice.Test2"/>
        <method signature="Test2.openBrowser()[pri:0, instance:Practice.Test2@1458ed9c]" name="openBrowser" class="Practice.Test2"/>
      </group> <!-- smoke -->
      <group name="sanity">
        <method signature="Test1.closeBrowser()[pri:0, instance:Practice.Test1@1869fbd2]" name="closeBrowser" class="Practice.Test1"/>
        <method signature="Test1.login()[pri:0, instance:Practice.Test1@1869fbd2]" name="login" class="Practice.Test1"/>
        <method signature="Test2.logOut()[pri:0, instance:Practice.Test2@1458ed9c]" name="logOut" class="Practice.Test2"/>
        <method signature="Test2.login()[pri:0, instance:Practice.Test2@1458ed9c]" name="login" class="Practice.Test2"/>
      </group> <!-- sanity -->
    </groups>
    <test started-at="2024-05-29T12:15:26 IST" name="groupstest" finished-at="2024-05-29T12:15:27 IST" duration-ms="731">
      <class name="Practice.Test2">
        <test-method signature="logOut()[pri:0, instance:Practice.Test2@1458ed9c]" started-at="2024-05-29T12:15:27 IST" name="logOut" finished-at="2024-05-29T12:15:27 IST" duration-ms="6" status="PASS">
          <reporter-output>
          </reporter-output>
        </test-method> <!-- logOut -->
        <test-method signature="login()[pri:0, instance:Practice.Test2@1458ed9c]" started-at="2024-05-29T12:15:27 IST" name="login" finished-at="2024-05-29T12:15:27 IST" duration-ms="8" status="PASS">
          <reporter-output>
          </reporter-output>
        </test-method> <!-- login -->
        <test-method signature="openBrowser()[pri:0, instance:Practice.Test2@1458ed9c]" started-at="2024-05-29T12:15:27 IST" name="openBrowser" finished-at="2024-05-29T12:15:27 IST" duration-ms="5" status="PASS">
          <reporter-output>
          </reporter-output>
        </test-method> <!-- openBrowser -->
      </class> <!-- Practice.Test2 -->
      <class name="Practice.Test1">
        <test-method signature="closeBrowser()[pri:0, instance:Practice.Test1@1869fbd2]" started-at="2024-05-29T12:15:26 IST" name="closeBrowser" finished-at="2024-05-29T12:15:26 IST" duration-ms="305" status="PASS">
          <reporter-output>
          </reporter-output>
        </test-method> <!-- closeBrowser -->
        <test-method signature="login()[pri:0, instance:Practice.Test1@1869fbd2]" started-at="2024-05-29T12:15:27 IST" name="login" finished-at="2024-05-29T12:15:27 IST" duration-ms="5" status="PASS">
          <reporter-output>
          </reporter-output>
        </test-method> <!-- login -->
        <test-method signature="openBrowser()[pri:0, instance:Practice.Test1@1869fbd2]" started-at="2024-05-29T12:15:27 IST" name="openBrowser" finished-at="2024-05-29T12:15:27 IST" duration-ms="10" status="PASS">
          <reporter-output>
          </reporter-output>
        </test-method> <!-- openBrowser -->
        <test-method signature="testMethod()[pri:0, instance:Practice.Test1@1869fbd2]" started-at="2024-05-29T12:15:27 IST" name="testMethod" finished-at="2024-05-29T12:15:27 IST" duration-ms="5" status="PASS">
          <reporter-output>
          </reporter-output>
        </test-method> <!-- testMethod -->
      </class> <!-- Practice.Test1 -->
    </test> <!-- groupstest -->
  </suite> <!-- suite -->
</testng-results>
